<?xml version="1.0" encoding="UTF-8"?>
<!-- Generated by org.testng.reporters.JUnitXMLReporter -->
<testsuite ignored="0" hostname="DESKTOP-TKOF22I" failures="0" tests="2" name="Default test" time="2.744" errors="0" timestamp="2020-11-23T01:30:36 IST">
  <testcase classname="com.org.restAssuredTests.RestAssuredTestGET_POST" name="GET_API_Test" time="2.076"/>
  <testcase classname="com.org.restAssuredTests.RestAssuredTestGET_POST" name="POST_API_Test" time="0.636"/>
</testsuite> <!-- Default test -->
