<?xml version="1.0" encoding="UTF-8"?>
<!-- Generated by org.testng.reporters.JUnitXMLReporter -->
<testsuite ignored="0" hostname="DESKTOP-TKOF22I" failures="0" tests="3" name="Default test" time="3.394" errors="0" timestamp="2020-11-28T21:42:41 IST">
  <testcase classname="com.org.restAssuredTests.RestAssuredTestGET_POST" name="GET_API_Test" time="2.247"/>
  <testcase classname="com.org.restAssuredTests.RestAssuredTestGET_POST" name="POST_API_Test" time="0.591"/>
  <testcase classname="com.org.restAssuredTests.RestAssuredTestGET_POST" name="PUT_RestAssured" time="0.517"/>
</testsuite> <!-- Default test -->
