<?xml version="1.0" encoding="UTF-8"?>
<testng-results ignored="0" total="2" passed="2" failed="0" skipped="0">
  <reporter-output>
  </reporter-output>
  <suite started-at="2020-11-23T01:30:34 IST" name="Default suite" finished-at="2020-11-23T01:30:36 IST" duration-ms="2744">
    <groups>
    </groups>
    <test started-at="2020-11-23T01:30:34 IST" name="Default test" finished-at="2020-11-23T01:30:36 IST" duration-ms="2744">
      <class name="com.org.restAssuredTests.RestAssuredTestGET_POST">
        <test-method is-config="true" signature="setup()[pri:0, instance:com.org.restAssuredTests.RestAssuredTestGET_POST@355ce81c]" started-at="2020-11-23T01:30:34 IST" name="setup" finished-at="2020-11-23T01:30:34 IST" duration-ms="6" status="PASS">
          <reporter-output>
          </reporter-output>
        </test-method> <!-- setup -->
        <test-method signature="GET_API_Test()[pri:1, instance:com.org.restAssuredTests.RestAssuredTestGET_POST@355ce81c]" started-at="2020-11-23T01:30:34 IST" name="GET_API_Test" finished-at="2020-11-23T01:30:36 IST" duration-ms="2076" status="PASS">
          <reporter-output>
          </reporter-output>
        </test-method> <!-- GET_API_Test -->
        <test-method signature="POST_API_Test()[pri:2, instance:com.org.restAssuredTests.RestAssuredTestGET_POST@355ce81c]" started-at="2020-11-23T01:30:36 IST" name="POST_API_Test" finished-at="2020-11-23T01:30:36 IST" duration-ms="636" status="PASS">
          <reporter-output>
          </reporter-output>
        </test-method> <!-- POST_API_Test -->
      </class> <!-- com.org.restAssuredTests.RestAssuredTestGET_POST -->
    </test> <!-- Default test -->
  </suite> <!-- Default suite -->
</testng-results>
