<?xml version="1.0" encoding="UTF-8"?>
<testng-results ignored="0" total="3" passed="3" failed="0" skipped="0">
  <reporter-output>
  </reporter-output>
  <suite started-at="2020-11-28T21:42:38 IST" name="Default suite" finished-at="2020-11-28T21:42:41 IST" duration-ms="3394">
    <groups>
    </groups>
    <test started-at="2020-11-28T21:42:38 IST" name="Default test" finished-at="2020-11-28T21:42:41 IST" duration-ms="3394">
      <class name="com.org.restAssuredTests.RestAssuredTestGET_POST">
        <test-method is-config="true" signature="setup()[pri:0, instance:com.org.restAssuredTests.RestAssuredTestGET_POST@29647f75]" started-at="2020-11-28T21:42:38 IST" name="setup" finished-at="2020-11-28T21:42:38 IST" duration-ms="13" status="PASS">
          <reporter-output>
          </reporter-output>
        </test-method> <!-- setup -->
        <test-method signature="GET_API_Test()[pri:1, instance:com.org.restAssuredTests.RestAssuredTestGET_POST@29647f75]" started-at="2020-11-28T21:42:38 IST" name="GET_API_Test" finished-at="2020-11-28T21:42:40 IST" duration-ms="2247" status="PASS">
          <reporter-output>
          </reporter-output>
        </test-method> <!-- GET_API_Test -->
        <test-method signature="POST_API_Test()[pri:2, instance:com.org.restAssuredTests.RestAssuredTestGET_POST@29647f75]" started-at="2020-11-28T21:42:40 IST" name="POST_API_Test" finished-at="2020-11-28T21:42:41 IST" duration-ms="591" status="PASS">
          <reporter-output>
          </reporter-output>
        </test-method> <!-- POST_API_Test -->
        <test-method signature="PUT_RestAssured()[pri:3, instance:com.org.restAssuredTests.RestAssuredTestGET_POST@29647f75]" started-at="2020-11-28T21:42:41 IST" name="PUT_RestAssured" finished-at="2020-11-28T21:42:41 IST" duration-ms="517" status="PASS">
          <reporter-output>
          </reporter-output>
        </test-method> <!-- PUT_RestAssured -->
      </class> <!-- com.org.restAssuredTests.RestAssuredTestGET_POST -->
    </test> <!-- Default test -->
  </suite> <!-- Default suite -->
</testng-results>
